


ARM Macro Assembler    Page 1 


    1 00000000         ;******************** (C) COPYRIGHT 2011 STMicroelectron
                       ics ********************
    2 00000000         ;* File Name          : startup_stm32f10x_md.s
    3 00000000         ;* Author             : MCD Application Team
    4 00000000         ;* Version            : V3.5.1
    5 00000000         ;* Date               : 08-September-2021
    6 00000000         ;* Description        : STM32F10x Medium Density Devices
                        vector table for MDK-ARM 
    7 00000000         ;*                      toolchain.  
    8 00000000         ;*                      This module performs:
    9 00000000         ;*                      - Set the initial SP
   10 00000000         ;*                      - Set the initial PC == Reset_Ha
                       ndler
   11 00000000         ;*                      - Set the vector table entries w
                       ith the exceptions ISR address
   12 00000000         ;*                      - Configure the clock system
   13 00000000         ;*                      - Branches to __main in the C li
                       brary (which eventually
   14 00000000         ;*                        calls main()).
   15 00000000         ;*                      After Reset the CortexM3 process
                       or is in Thread mode,
   16 00000000         ;*                      priority is Privileged, and the 
                       Stack is set to Main.
   17 00000000         ;* <<< Use Configuration Wizard in Context Menu >>>   
   18 00000000         ;*******************************************************
                       ************************
   19 00000000         ;*
   20 00000000         ;* Copyright (c) 2011 STMicroelectronics.
   21 00000000         ;* All rights reserved.
   22 00000000         ;*
   23 00000000         ;* This software is licensed under terms that can be fou
                       nd in the LICENSE file
   24 00000000         ;* in the root directory of this software component.
   25 00000000         ;* If no LICENSE file comes with this software, it is pr
                       ovided AS-IS.
   26 00000000         ;
   27 00000000         ;*******************************************************
                       ************************
   28 00000000         
   29 00000000         ; Amount of memory (in bytes) allocated for Stack
   30 00000000         ; Tailor this value to your application needs
   31 00000000         ; <h> Stack Configuration
   32 00000000         ;   <o> Stack Size (in Bytes) <0x0-0xFFFFFFFF:8>
   33 00000000         ; </h>
   34 00000000         
   35 00000000 00000400 
                       Stack_Size
                               EQU              0x00000400
   36 00000000         
   37 00000000                 AREA             STACK, NOINIT, READWRITE, ALIGN
=3
   38 00000000         Stack_Mem
                               SPACE            Stack_Size
   39 00000400         __initial_sp
   40 00000400         
   41 00000400 00000400 
                       __INITIAL_SP
                               EQU              __initial_sp
   42 00000400                 EXPORT           __INITIAL_SP



ARM Macro Assembler    Page 2 


   43 00000400         
   44 00000400         ; <h> Heap Configuration
   45 00000400         ;   <o>  Heap Size (in Bytes) <0x0-0xFFFFFFFF:8>
   46 00000400         ; </h>
   47 00000400         
   48 00000400 00000000 
                       Heap_Size
                               EQU              0x00000000
   49 00000400         
   50 00000400                 AREA             HEAP, NOINIT, READWRITE, ALIGN=
3
   51 00000000         __heap_base
   52 00000000         Heap_Mem
                               SPACE            Heap_Size
   53 00000000         __heap_limit
   54 00000000         
   55 00000000                 PRESERVE8
   56 00000000                 THUMB
   57 00000000         
   58 00000000                 AREA             |.text|, CODE, READONLY
   59 00000000         
   60 00000000         ; Reset handler
   61 00000000         Reset_Handler
                               PROC
   62 00000000                 EXPORT           Reset_Handler             [WEAK
]
   63 00000000                 IMPORT           __main
   64 00000000                 IMPORT           SystemInit
   65 00000000 4804            LDR              R0, =SystemInit
   66 00000002 4780            BLX              R0
   67 00000004 4804            LDR              R0, =__main
   68 00000006 4700            BX               R0
   69 00000008                 ENDP
   70 00000008         
   71 00000008                 ALIGN
   72 00000008         
   73 00000008         ;*******************************************************
                       ************************
   74 00000008         ; User Stack and Heap initialization
   75 00000008         ;*******************************************************
                       ************************
   76 00000008                 IF               :DEF:__MICROLIB
   83 00000008         
   84 00000008                 IMPORT           __use_two_region_memory
   85 00000008                 EXPORT           __user_initial_stackheap
   86 00000008         
   87 00000008         __user_initial_stackheap
   88 00000008         
   89 00000008 4804            LDR              R0, =  Heap_Mem
   90 0000000A 4905            LDR              R1, =(Stack_Mem + Stack_Size)
   91 0000000C 4A03            LDR              R2, = (Heap_Mem +  Heap_Size)
   92 0000000E 4B05            LDR              R3, = Stack_Mem
   93 00000010 4770            BX               LR
   94 00000012         
   95 00000012 00 00           ALIGN
   96 00000014         
   97 00000014                 ENDIF
   98 00000014         
   99 00000014                 END



ARM Macro Assembler    Page 3 


              00000000 
              00000000 
              00000000 
              00000400 
              00000000 
Command Line: --debug --xref --diag_suppress=9931 --cpu=Cortex-M3 --apcs=interw
ork --depend=.\objects\startup_stm32f10x_md.d -o.\objects\startup_stm32f10x_md.
o -I.\RTE\Device\STM32F103C8 -I.\RTE\_Debug -IC:\Users\rijoa\AppData\Local\Arm\
Packs\ARM\CMSIS\5.9.0\CMSIS\Core\Include -IC:\Users\rijoa\AppData\Local\Arm\Pac
ks\Keil\STM32F1xx_DFP\2.4.1\Device\Include --predefine="__EVAL SETA 1" --predef
ine="__UVISION_VERSION SETA 539" --predefine="_RTE_ SETA 1" --predefine="STM32F
10X_MD SETA 1" --predefine="_RTE_ SETA 1" --list=.\listings\startup_stm32f10x_m
d.lst RTE/Device/STM32F103C8/startup_stm32f10x_md.s



ARM Macro Assembler    Page 1 Alphabetic symbol ordering
Relocatable symbols

STACK 00000000

Symbol: STACK
   Definitions
      At line 37 in file RTE/Device/STM32F103C8/startup_stm32f10x_md.s
   Uses
      None
Comment: STACK unused
Stack_Mem 00000000

Symbol: Stack_Mem
   Definitions
      At line 38 in file RTE/Device/STM32F103C8/startup_stm32f10x_md.s
   Uses
      At line 90 in file RTE/Device/STM32F103C8/startup_stm32f10x_md.s
      At line 92 in file RTE/Device/STM32F103C8/startup_stm32f10x_md.s

__INITIAL_SP 00000400

Symbol: __INITIAL_SP
   Definitions
      At line 41 in file RTE/Device/STM32F103C8/startup_stm32f10x_md.s
   Uses
      At line 42 in file RTE/Device/STM32F103C8/startup_stm32f10x_md.s
Comment: __INITIAL_SP used once
__initial_sp 00000400

Symbol: __initial_sp
   Definitions
      At line 39 in file RTE/Device/STM32F103C8/startup_stm32f10x_md.s
   Uses
      At line 41 in file RTE/Device/STM32F103C8/startup_stm32f10x_md.s
Comment: __initial_sp used once
4 symbols



ARM Macro Assembler    Page 1 Alphabetic symbol ordering
Relocatable symbols

HEAP 00000000

Symbol: HEAP
   Definitions
      At line 50 in file RTE/Device/STM32F103C8/startup_stm32f10x_md.s
   Uses
      None
Comment: HEAP unused
Heap_Mem 00000000

Symbol: Heap_Mem
   Definitions
      At line 52 in file RTE/Device/STM32F103C8/startup_stm32f10x_md.s
   Uses
      At line 89 in file RTE/Device/STM32F103C8/startup_stm32f10x_md.s
      At line 91 in file RTE/Device/STM32F103C8/startup_stm32f10x_md.s

__heap_base 00000000

Symbol: __heap_base
   Definitions
      At line 51 in file RTE/Device/STM32F103C8/startup_stm32f10x_md.s
   Uses
      None
Comment: __heap_base unused
__heap_limit 00000000

Symbol: __heap_limit
   Definitions
      At line 53 in file RTE/Device/STM32F103C8/startup_stm32f10x_md.s
   Uses
      None
Comment: __heap_limit unused
4 symbols



ARM Macro Assembler    Page 1 Alphabetic symbol ordering
Relocatable symbols

.text 00000000

Symbol: .text
   Definitions
      At line 58 in file RTE/Device/STM32F103C8/startup_stm32f10x_md.s
   Uses
      None
Comment: .text unused
Reset_Handler 00000000

Symbol: Reset_Handler
   Definitions
      At line 61 in file RTE/Device/STM32F103C8/startup_stm32f10x_md.s
   Uses
      At line 62 in file RTE/Device/STM32F103C8/startup_stm32f10x_md.s
Comment: Reset_Handler used once
__user_initial_stackheap 00000008

Symbol: __user_initial_stackheap
   Definitions
      At line 87 in file RTE/Device/STM32F103C8/startup_stm32f10x_md.s
   Uses
      At line 85 in file RTE/Device/STM32F103C8/startup_stm32f10x_md.s
Comment: __user_initial_stackheap used once
3 symbols



ARM Macro Assembler    Page 1 Alphabetic symbol ordering
Absolute symbols

Heap_Size 00000000

Symbol: Heap_Size
   Definitions
      At line 48 in file RTE/Device/STM32F103C8/startup_stm32f10x_md.s
   Uses
      At line 52 in file RTE/Device/STM32F103C8/startup_stm32f10x_md.s
      At line 91 in file RTE/Device/STM32F103C8/startup_stm32f10x_md.s

Stack_Size 00000400

Symbol: Stack_Size
   Definitions
      At line 35 in file RTE/Device/STM32F103C8/startup_stm32f10x_md.s
   Uses
      At line 38 in file RTE/Device/STM32F103C8/startup_stm32f10x_md.s
      At line 90 in file RTE/Device/STM32F103C8/startup_stm32f10x_md.s

2 symbols



ARM Macro Assembler    Page 1 Alphabetic symbol ordering
External symbols

SystemInit 00000000

Symbol: SystemInit
   Definitions
      At line 64 in file RTE/Device/STM32F103C8/startup_stm32f10x_md.s
   Uses
      At line 65 in file RTE/Device/STM32F103C8/startup_stm32f10x_md.s
Comment: SystemInit used once
__main 00000000

Symbol: __main
   Definitions
      At line 63 in file RTE/Device/STM32F103C8/startup_stm32f10x_md.s
   Uses
      At line 67 in file RTE/Device/STM32F103C8/startup_stm32f10x_md.s
Comment: __main used once
__use_two_region_memory 00000000

Symbol: __use_two_region_memory
   Definitions
      At line 84 in file RTE/Device/STM32F103C8/startup_stm32f10x_md.s
   Uses
      None
Comment: __use_two_region_memory unused
3 symbols
354 symbols in table
